<?xml version="1.0" encoding="UTF-8"?>
<!-- Generated by org.testng.reporters.JUnitReportReporter -->
<testsuite skipped="0" hostname="Devanshi" name="Demo.OpenHomeBrowser" tests="1" failures="0" timestamp="08 Jun 2020 20:07:22 GMT" time="0.395" errors="0">
  <testcase name="autoComplete" time="0.395" classname="Demo.OpenHomeBrowser"/>
</testsuite> <!-- Demo.OpenHomeBrowser -->
