<?xml version="1.0" encoding="UTF-8"?>
<!-- Generated by org.testng.reporters.JUnitReportReporter -->
<testsuite skipped="0" hostname="Devanshi" name="Demo.PageScroll" tests="1" failures="0" timestamp="09 Jun 2020 00:55:42 GMT" time="0.613" errors="0">
  <testcase name="HomePage" time="0.613" classname="Demo.PageScroll"/>
</testsuite> <!-- Demo.PageScroll -->
