<?xml version="1.0" encoding="UTF-8"?>
<!-- Generated by org.testng.reporters.JUnitReportReporter -->
<testsuite skipped="0" hostname="Devanshi" name="Demo.CompleteWebForm" tests="1" failures="0" timestamp="09 Jun 2020 00:40:34 GMT" time="2.336" errors="0">
  <testcase name="completeForm" time="2.336" classname="Demo.CompleteWebForm"/>
</testsuite> <!-- Demo.CompleteWebForm -->
