<?xml version="1.0" encoding="UTF-8"?>
<!-- Generated by org.testng.reporters.JUnitReportReporter -->
<testsuite skipped="0" hostname="Devanshi" name="Demo.OpenBrowser" tests="1" failures="0" timestamp="08 Jun 2020 19:51:52 GMT" time="0.007" errors="0">
  <testcase name="autoComplete" time="0.007" classname="Demo.OpenBrowser"/>
</testsuite> <!-- Demo.OpenBrowser -->
