<?xml version="1.0" encoding="UTF-8"?>
<!-- Generated by org.testng.reporters.JUnitReportReporter -->
<testsuite skipped="0" hostname="Devanshi" name="Demo.SwitchWindows" tests="2" failures="0" timestamp="09 Jun 2020 02:35:41 GMT" time="8.565" errors="0">
  <testcase name="SwitchWindows" time="4.472" classname="Demo.SwitchWindows"/>
  <testcase name="SwitchToAlert" time="4.093" classname="Demo.SwitchWindows"/>
</testsuite> <!-- Demo.SwitchWindows -->
