<?xml version="1.0" encoding="UTF-8"?>
<!-- Generated by org.testng.reporters.JUnitReportReporter -->
<testsuite skipped="0" hostname="Devanshi" name="Demo.DragAndDropImage" tests="1" failures="0" timestamp="09 Jun 2020 03:03:11 GMT" time="3.188" errors="0">
  <testcase name="DragAndDrop" time="3.188" classname="Demo.DragAndDropImage"/>
</testsuite> <!-- Demo.DragAndDropImage -->
