<?xml version="1.0" encoding="UTF-8"?>
<!-- Generated by org.testng.reporters.JUnitReportReporter -->
<testsuite skipped="0" hostname="Devanshi" name="Demo.FileUpload" tests="1" failures="0" timestamp="09 Jun 2020 03:47:58 GMT" time="0.630" errors="0">
  <testcase name="FileUpload" time="0.630" classname="Demo.FileUpload"/>
</testsuite> <!-- Demo.FileUpload -->
